2018-06-01
~~~~~~~~~~
1. Fix ORA-14758: Last partition in the range section cannot be dropped

2018-05-21
~~~~~~~~~~
1. Compute LOBS space and skip table is there is not enough space to redefine table

2018-05-15
~~~~~~~~~~
1. When ORA-12083 is raised, display command to drop MV log

2018-04-19
~~~~~~~~~~
1. On index_rebuild all inserted rows get same snap_time for ease of aggregation in reports
2. Purge index_rebuild_hist partitions older than 2 months

2018-04-18
~~~~~~~~~~
1. New index_rebuild API
2. New tablespaces_hist API

2018-03-31
~~~~~~~~~~
1. First release
--
Table Statistics History - Collector
Table Modifications History - Collector
Segments History - Collector
--
